0 0 4096 8 0
100 0 8192 8 0
200 0 12288 8 0
300 0 16384 8 0
400 0 20480 8 0
500 0 24576 8 0
600 0 28672 8 0
700 0 32768 8 0
800 0 36864 8 0
900 0 40960 8 0
1000 0 45056 8 0
1100 0 49152 8 0
1200 0 53248 8 0
1300 0 57344 8 0
1400 0 61440 8 0
1500 0 65536 8 0
1600 0 69632 8 1
1700 0 73728 8 1
1800 0 77824 8 1
1900 0 81920 8 1
2000 0 86016 8 1
2100 0 90112 8 1
2200 0 94208 8 1
2300 0 98304 8 1
2400 0 102400 8 1
2500 0 106496 8 1
2600 0 110592 8 1
2700 0 114688 8 1
2800 0 118784 8 1
2900 0 122880 8 1
3000 0 126976 8 1
3100 0 131072 8 1
3200 0 135168 8 1
3300 0 139264 8 1
3400 0 143360 8 1
3500 0 147456 8 1
3600 0 151552 8 1
3700 0 155648 8 1
3800 0 159744 8 1
3900 0 163840 8 1
4000 0 167936 8 1
4100 0 172032 8 1
4200 0 176128 8 1
4300 0 180224 8 1
4400 0 184320 8 1
4500 0 188416 8 1
4600 0 192512 8 1
4700 0 196608 8 1
